<?xml version="1.0" encoding="UTF-8"?>
<!-- Generated by org.testng.reporters.JUnitReportReporter -->
<testsuite hostname="LAPT-1-100304" failures="0" tests="1" name="com.qa.bps.test.ControlTowerTest" time="2.114" errors="0" timestamp="2024-02-15T15:25:01 IST" skipped="0">
  <testcase classname="com.qa.bps.test.ControlTowerTest" name="ControlTowerMainScreenNamesTest" time="2.114"/>
  <system-out/>
</testsuite> <!-- com.qa.bps.test.ControlTowerTest -->
