<?xml version="1.0" encoding="UTF-8"?>
<!-- Generated by org.testng.reporters.JUnitReportReporter -->
<testsuite hostname="LAPT-1-100304" failures="0" tests="3" name="com.qa.bps.test.ProductViewDelayMgmtTest" time="185.680" errors="0" timestamp="2024-02-14T12:30:12 IST" skipped="0">
  <testcase classname="com.qa.bps.test.ProductViewDelayMgmtTest" name="getProductDetailsTest" time="117.668"/>
  <system-out/>
  <testcase classname="com.qa.bps.test.ProductViewDelayMgmtTest" name="loginAsSLTest" time="63.880"/>
  <system-out/>
  <testcase classname="com.qa.bps.test.ProductViewDelayMgmtTest" name="taskAvailabilityTest" time="4.132"/>
  <system-out/>
</testsuite> <!-- com.qa.bps.test.ProductViewDelayMgmtTest -->
