<?xml version="1.0" encoding="UTF-8"?>
<!-- Generated by org.testng.reporters.JUnitReportReporter -->
<testsuite hostname="LAPT-1-100304" failures="0" tests="1" name="com.qa.bps.test.LoginPageTest" time="26.898" errors="0" timestamp="2024-02-15T15:35:32 IST" skipped="0">
  <testcase classname="com.qa.bps.test.LoginPageTest" name="loginTest" time="26.898"/>
  <system-out/>
</testsuite> <!-- com.qa.bps.test.LoginPageTest -->
